<?xml version="1.0" encoding="UTF-8"?>
<!-- Generated by org.testng.reporters.JUnitXMLReporter -->
<testsuite ignored="0" hostname="LTIN188255" failures="0" tests="3" name="Test" time="64.286" errors="0" timestamp="2024-03-07T11:21:01 IST">
  <testcase classname="testCases.TC_FindingHospital" name="T001_homepage" time="19.9"/>
  <testcase classname="testCases.TC_FindingHospital" name="TC002_SurgeryList" time="5.439"/>
  <testcase classname="testCases.TC_FindingHospital" name="TC003_Corporates" time="18.564"/>
</testsuite> <!-- Test -->
