<?xml version="1.0" encoding="UTF-8"?>
<testng-results ignored="0" total="3" passed="3" failed="0" skipped="0">
  <reporter-output>
  </reporter-output>
  <suite started-at="2024-03-07T11:19:57 IST" name="Suite" finished-at="2024-03-07T11:21:01 IST" duration-ms="64286">
    <groups>
    </groups>
    <test started-at="2024-03-07T11:19:57 IST" name="Test" finished-at="2024-03-07T11:21:01 IST" duration-ms="64286">
      <class name="testCases.TC_FindingHospital">
        <test-method is-config="true" signature="setup(java.lang.String,java.lang.String)[pri:0, instance:testCases.TC_FindingHospital@74f0ea28]" started-at="2024-03-07T11:19:58 IST" name="setup" finished-at="2024-03-07T11:20:14 IST" duration-ms="16074" status="PASS">
          <params>
            <param index="0">
              <value>
                <![CDATA[windows]]>
              </value>
            </param>
            <param index="1">
              <value>
                <![CDATA[chrome]]>
              </value>
            </param>
          </params>
          <reporter-output>
          </reporter-output>
        </test-method> <!-- setup -->
        <test-method signature="T001_homepage()[pri:1, instance:testCases.TC_FindingHospital@74f0ea28]" started-at="2024-03-07T11:20:14 IST" name="T001_homepage" finished-at="2024-03-07T11:20:34 IST" duration-ms="19900" status="PASS">
          <reporter-output>
          </reporter-output>
        </test-method> <!-- T001_homepage -->
        <test-method signature="TC002_SurgeryList()[pri:2, instance:testCases.TC_FindingHospital@74f0ea28]" started-at="2024-03-07T11:20:35 IST" name="TC002_SurgeryList" finished-at="2024-03-07T11:20:40 IST" duration-ms="5439" status="PASS">
          <reporter-output>
          </reporter-output>
        </test-method> <!-- TC002_SurgeryList -->
        <test-method signature="TC003_Corporates()[pri:3, instance:testCases.TC_FindingHospital@74f0ea28]" started-at="2024-03-07T11:20:41 IST" name="TC003_Corporates" finished-at="2024-03-07T11:20:59 IST" duration-ms="18564" status="PASS">
          <reporter-output>
          </reporter-output>
        </test-method> <!-- TC003_Corporates -->
        <test-method is-config="true" signature="tearDown()[pri:0, instance:testCases.TC_FindingHospital@74f0ea28]" started-at="2024-03-07T11:21:00 IST" name="tearDown" finished-at="2024-03-07T11:21:01 IST" duration-ms="1577" status="PASS">
          <reporter-output>
          </reporter-output>
        </test-method> <!-- tearDown -->
      </class> <!-- testCases.TC_FindingHospital -->
    </test> <!-- Test -->
  </suite> <!-- Suite -->
</testng-results>
